<?xml version="1.0" encoding="UTF-8"?>
<testsuite xmlns:xsi="http://www.w3.org/2001/XMLSchema-instance" xsi:noNamespaceSchemaLocation="https://maven.apache.org/surefire/maven-surefire-plugin/xsd/surefire-test-report-3.0.xsd" version="3.0" name="TestSuite" time="86.013" tests="7" errors="0" skipped="0" failures="0">
  <properties>
    <property name="sun.desktop" value="windows"/>
    <property name="awt.toolkit" value="sun.awt.windows.WToolkit"/>
    <property name="java.specification.version" value="11"/>
    <property name="webdriver.chrome.driver" value="./drivers/chromedriver.exe"/>
    <property name="sun.cpu.isalist" value="amd64"/>
    <property name="sun.jnu.encoding" value="Cp1252"/>
    <property name="java.class.path" value="C:\Program Files\Maven\apache-maven-3.9.3\boot\plexus-classworlds-2.7.0.jar"/>
    <property name="java.vm.vendor" value="Oracle Corporation"/>
    <property name="sun.arch.data.model" value="64"/>
    <property name="user.variant" value=""/>
    <property name="java.vendor.url" value="https://openjdk.java.net/"/>
    <property name="user.timezone" value="America/New_York"/>
    <property name="maven.conf" value="C:\Program Files\Maven\apache-maven-3.9.3/conf"/>
    <property name="os.name" value="Windows 11"/>
    <property name="java.vm.specification.version" value="11"/>
    <property name="sun.java.launcher" value="SUN_STANDARD"/>
    <property name="user.country" value="US"/>
    <property name="sun.boot.library.path" value="C:\Program Files\Java\jdk-11\bin"/>
    <property name="sun.java.command" value="org.codehaus.plexus.classworlds.launcher.Launcher -f C:\Users\janer\eclipse-workspace\my-resume-website\pom.xml clean install"/>
    <property name="jdk.debug" value="release"/>
    <property name="maven.home" value="C:\Program Files\Maven\apache-maven-3.9.3"/>
    <property name="surefire.test.class.path" value="C:\Users\janer\eclipse-workspace\my-resume-website\target\test-classes;C:\Users\janer\eclipse-workspace\my-resume-website\target\classes;C:\Users\janer\.m2\repository\org\apache\logging\log4j\log4j-core\2.17.2\log4j-core-2.17.2.jar;C:\Users\janer\.m2\repository\org\apache\logging\log4j\log4j-api\2.17.2\log4j-api-2.17.2.jar;C:\Users\janer\.m2\repository\org\seleniumhq\selenium\selenium-java\4.10.0\selenium-java-4.10.0.jar;C:\Users\janer\.m2\repository\org\seleniumhq\selenium\selenium-api\4.10.0\selenium-api-4.10.0.jar;C:\Users\janer\.m2\repository\org\seleniumhq\selenium\selenium-chrome-driver\4.10.0\selenium-chrome-driver-4.10.0.jar;C:\Users\janer\.m2\repository\com\google\auto\service\auto-service-annotations\1.0.1\auto-service-annotations-1.0.1.jar;C:\Users\janer\.m2\repository\com\google\auto\service\auto-service\1.0.1\auto-service-1.0.1.jar;C:\Users\janer\.m2\repository\com\google\auto\auto-common\1.2\auto-common-1.2.jar;C:\Users\janer\.m2\repository\com\google\guava\guava\31.1-jre\guava-31.1-jre.jar;C:\Users\janer\.m2\repository\com\google\guava\failureaccess\1.0.1\failureaccess-1.0.1.jar;C:\Users\janer\.m2\repository\com\google\guava\listenablefuture\9999.0-empty-to-avoid-conflict-with-guava\listenablefuture-9999.0-empty-to-avoid-conflict-with-guava.jar;C:\Users\janer\.m2\repository\org\checkerframework\checker-qual\3.12.0\checker-qual-3.12.0.jar;C:\Users\janer\.m2\repository\org\seleniumhq\selenium\selenium-chromium-driver\4.10.0\selenium-chromium-driver-4.10.0.jar;C:\Users\janer\.m2\repository\org\seleniumhq\selenium\selenium-json\4.10.0\selenium-json-4.10.0.jar;C:\Users\janer\.m2\repository\org\seleniumhq\selenium\selenium-manager\4.10.0\selenium-manager-4.10.0.jar;C:\Users\janer\.m2\repository\org\seleniumhq\selenium\selenium-devtools-v112\4.10.0\selenium-devtools-v112-4.10.0.jar;C:\Users\janer\.m2\repository\org\seleniumhq\selenium\selenium-devtools-v113\4.10.0\selenium-devtools-v113-4.10.0.jar;C:\Users\janer\.m2\repository\org\seleniumhq\selenium\selenium-devtools-v114\4.10.0\selenium-devtools-v114-4.10.0.jar;C:\Users\janer\.m2\repository\org\seleniumhq\selenium\selenium-devtools-v85\4.10.0\selenium-devtools-v85-4.10.0.jar;C:\Users\janer\.m2\repository\org\seleniumhq\selenium\selenium-edge-driver\4.10.0\selenium-edge-driver-4.10.0.jar;C:\Users\janer\.m2\repository\org\seleniumhq\selenium\selenium-firefox-driver\4.10.0\selenium-firefox-driver-4.10.0.jar;C:\Users\janer\.m2\repository\org\seleniumhq\selenium\selenium-http\4.10.0\selenium-http-4.10.0.jar;C:\Users\janer\.m2\repository\dev\failsafe\failsafe\3.3.1\failsafe-3.3.1.jar;C:\Users\janer\.m2\repository\org\seleniumhq\selenium\selenium-ie-driver\4.10.0\selenium-ie-driver-4.10.0.jar;C:\Users\janer\.m2\repository\org\seleniumhq\selenium\selenium-remote-driver\4.10.0\selenium-remote-driver-4.10.0.jar;C:\Users\janer\.m2\repository\io\netty\netty-buffer\4.1.92.Final\netty-buffer-4.1.92.Final.jar;C:\Users\janer\.m2\repository\io\netty\netty-codec-http\4.1.92.Final\netty-codec-http-4.1.92.Final.jar;C:\Users\janer\.m2\repository\io\netty\netty-codec\4.1.92.Final\netty-codec-4.1.92.Final.jar;C:\Users\janer\.m2\repository\io\netty\netty-handler\4.1.92.Final\netty-handler-4.1.92.Final.jar;C:\Users\janer\.m2\repository\io\netty\netty-common\4.1.92.Final\netty-common-4.1.92.Final.jar;C:\Users\janer\.m2\repository\io\netty\netty-transport-classes-epoll\4.1.92.Final\netty-transport-classes-epoll-4.1.92.Final.jar;C:\Users\janer\.m2\repository\io\netty\netty-transport-classes-kqueue\4.1.92.Final\netty-transport-classes-kqueue-4.1.92.Final.jar;C:\Users\janer\.m2\repository\io\netty\netty-transport-native-epoll\4.1.92.Final\netty-transport-native-epoll-4.1.92.Final.jar;C:\Users\janer\.m2\repository\io\netty\netty-transport-native-kqueue\4.1.92.Final\netty-transport-native-kqueue-4.1.92.Final.jar;C:\Users\janer\.m2\repository\io\netty\netty-transport-native-unix-common\4.1.92.Final\netty-transport-native-unix-common-4.1.92.Final.jar;C:\Users\janer\.m2\repository\io\netty\netty-transport\4.1.92.Final\netty-transport-4.1.92.Final.jar;C:\Users\janer\.m2\repository\io\netty\netty-resolver\4.1.92.Final\netty-resolver-4.1.92.Final.jar;C:\Users\janer\.m2\repository\io\opentelemetry\opentelemetry-api\1.26.0\opentelemetry-api-1.26.0.jar;C:\Users\janer\.m2\repository\io\opentelemetry\opentelemetry-context\1.26.0\opentelemetry-context-1.26.0.jar;C:\Users\janer\.m2\repository\io\opentelemetry\opentelemetry-exporter-logging\1.26.0\opentelemetry-exporter-logging-1.26.0.jar;C:\Users\janer\.m2\repository\io\opentelemetry\opentelemetry-sdk-metrics\1.26.0\opentelemetry-sdk-metrics-1.26.0.jar;C:\Users\janer\.m2\repository\io\opentelemetry\opentelemetry-extension-incubator\1.26.0-alpha\opentelemetry-extension-incubator-1.26.0-alpha.jar;C:\Users\janer\.m2\repository\io\opentelemetry\opentelemetry-sdk-logs\1.26.0-alpha\opentelemetry-sdk-logs-1.26.0-alpha.jar;C:\Users\janer\.m2\repository\io\opentelemetry\opentelemetry-api-logs\1.26.0-alpha\opentelemetry-api-logs-1.26.0-alpha.jar;C:\Users\janer\.m2\repository\io\opentelemetry\opentelemetry-api-events\1.26.0-alpha\opentelemetry-api-events-1.26.0-alpha.jar;C:\Users\janer\.m2\repository\io\opentelemetry\opentelemetry-sdk-common\1.26.0\opentelemetry-sdk-common-1.26.0.jar;C:\Users\janer\.m2\repository\io\opentelemetry\opentelemetry-sdk-extension-autoconfigure-spi\1.26.0\opentelemetry-sdk-extension-autoconfigure-spi-1.26.0.jar;C:\Users\janer\.m2\repository\io\opentelemetry\opentelemetry-sdk-extension-autoconfigure\1.26.0-alpha\opentelemetry-sdk-extension-autoconfigure-1.26.0-alpha.jar;C:\Users\janer\.m2\repository\io\opentelemetry\opentelemetry-sdk-trace\1.26.0\opentelemetry-sdk-trace-1.26.0.jar;C:\Users\janer\.m2\repository\io\opentelemetry\opentelemetry-sdk\1.26.0\opentelemetry-sdk-1.26.0.jar;C:\Users\janer\.m2\repository\io\opentelemetry\opentelemetry-semconv\1.26.0-alpha\opentelemetry-semconv-1.26.0-alpha.jar;C:\Users\janer\.m2\repository\net\bytebuddy\byte-buddy\1.14.4\byte-buddy-1.14.4.jar;C:\Users\janer\.m2\repository\org\apache\commons\commons-exec\1.3\commons-exec-1.3.jar;C:\Users\janer\.m2\repository\org\asynchttpclient\async-http-client\2.12.3\async-http-client-2.12.3.jar;C:\Users\janer\.m2\repository\org\asynchttpclient\async-http-client-netty-utils\2.12.3\async-http-client-netty-utils-2.12.3.jar;C:\Users\janer\.m2\repository\io\netty\netty-codec-socks\4.1.60.Final\netty-codec-socks-4.1.60.Final.jar;C:\Users\janer\.m2\repository\io\netty\netty-handler-proxy\4.1.60.Final\netty-handler-proxy-4.1.60.Final.jar;C:\Users\janer\.m2\repository\io\netty\netty-transport-native-epoll\4.1.60.Final\netty-transport-native-epoll-4.1.60.Final-linux-x86_64.jar;C:\Users\janer\.m2\repository\io\netty\netty-transport-native-kqueue\4.1.60.Final\netty-transport-native-kqueue-4.1.60.Final-osx-x86_64.jar;C:\Users\janer\.m2\repository\org\reactivestreams\reactive-streams\1.0.3\reactive-streams-1.0.3.jar;C:\Users\janer\.m2\repository\com\typesafe\netty\netty-reactive-streams\2.0.4\netty-reactive-streams-2.0.4.jar;C:\Users\janer\.m2\repository\com\sun\activation\jakarta.activation\1.2.2\jakarta.activation-1.2.2.jar;C:\Users\janer\.m2\repository\org\seleniumhq\selenium\selenium-safari-driver\4.10.0\selenium-safari-driver-4.10.0.jar;C:\Users\janer\.m2\repository\org\seleniumhq\selenium\selenium-support\4.10.0\selenium-support-4.10.0.jar;C:\Users\janer\.m2\repository\io\github\bonigarcia\webdrivermanager\5.4.1\webdrivermanager-5.4.1.jar;C:\Users\janer\.m2\repository\org\slf4j\slf4j-api\2.0.7\slf4j-api-2.0.7.jar;C:\Users\janer\.m2\repository\com\google\code\gson\gson\2.10.1\gson-2.10.1.jar;C:\Users\janer\.m2\repository\com\github\docker-java\docker-java\3.3.2\docker-java-3.3.2.jar;C:\Users\janer\.m2\repository\com\github\docker-java\docker-java-core\3.3.2\docker-java-core-3.3.2.jar;C:\Users\janer\.m2\repository\com\github\docker-java\docker-java-api\3.3.2\docker-java-api-3.3.2.jar;C:\Users\janer\.m2\repository\com\fasterxml\jackson\core\jackson-annotations\2.10.3\jackson-annotations-2.10.3.jar;C:\Users\janer\.m2\repository\commons-io\commons-io\2.6\commons-io-2.6.jar;C:\Users\janer\.m2\repository\org\apache\commons\commons-compress\1.21\commons-compress-1.21.jar;C:\Users\janer\.m2\repository\com\fasterxml\jackson\core\jackson-databind\2.10.3\jackson-databind-2.10.3.jar;C:\Users\janer\.m2\repository\org\bouncycastle\bcpkix-jdk15on\1.64\bcpkix-jdk15on-1.64.jar;C:\Users\janer\.m2\repository\org\bouncycastle\bcprov-jdk15on\1.64\bcprov-jdk15on-1.64.jar;C:\Users\janer\.m2\repository\org\slf4j\jcl-over-slf4j\1.7.30\jcl-over-slf4j-1.7.30.jar;C:\Users\janer\.m2\repository\com\github\docker-java\docker-java-transport-httpclient5\3.3.2\docker-java-transport-httpclient5-3.3.2.jar;C:\Users\janer\.m2\repository\com\github\docker-java\docker-java-transport\3.3.2\docker-java-transport-3.3.2.jar;C:\Users\janer\.m2\repository\net\java\dev\jna\jna\5.12.1\jna-5.12.1.jar;C:\Users\janer\.m2\repository\org\brotli\dec\0.1.2\dec-0.1.2.jar;C:\Users\janer\.m2\repository\org\apache\commons\commons-lang3\3.12.0\commons-lang3-3.12.0.jar;C:\Users\janer\.m2\repository\org\apache\httpcomponents\client5\httpclient5\5.2.1\httpclient5-5.2.1.jar;C:\Users\janer\.m2\repository\org\apache\httpcomponents\core5\httpcore5\5.2\httpcore5-5.2.jar;C:\Users\janer\.m2\repository\org\apache\httpcomponents\core5\httpcore5-h2\5.2\httpcore5-h2-5.2.jar;C:\Users\janer\.m2\repository\org\testng\testng\7.7.1\testng-7.7.1.jar;C:\Users\janer\.m2\repository\com\beust\jcommander\1.82\jcommander-1.82.jar;C:\Users\janer\.m2\repository\org\webjars\jquery\3.6.1\jquery-3.6.1.jar;C:\Users\janer\.m2\repository\com\google\api-client\google-api-client\1.23.0\google-api-client-1.23.0.jar;C:\Users\janer\.m2\repository\com\google\oauth-client\google-oauth-client\1.23.0\google-oauth-client-1.23.0.jar;C:\Users\janer\.m2\repository\com\google\code\findbugs\jsr305\1.3.9\jsr305-1.3.9.jar;C:\Users\janer\.m2\repository\com\google\http-client\google-http-client-jackson2\1.23.0\google-http-client-jackson2-1.23.0.jar;C:\Users\janer\.m2\repository\com\fasterxml\jackson\core\jackson-core\2.1.3\jackson-core-2.1.3.jar;C:\Users\janer\.m2\repository\com\google\guava\guava-jdk5\17.0\guava-jdk5-17.0.jar;C:\Users\janer\.m2\repository\com\google\oauth-client\google-oauth-client-jetty\1.23.0\google-oauth-client-jetty-1.23.0.jar;C:\Users\janer\.m2\repository\com\google\oauth-client\google-oauth-client-java6\1.23.0\google-oauth-client-java6-1.23.0.jar;C:\Users\janer\.m2\repository\org\mortbay\jetty\jetty\6.1.26\jetty-6.1.26.jar;C:\Users\janer\.m2\repository\org\mortbay\jetty\jetty-util\6.1.26\jetty-util-6.1.26.jar;C:\Users\janer\.m2\repository\org\mortbay\jetty\servlet-api\2.5-20081211\servlet-api-2.5-20081211.jar;C:\Users\janer\.m2\repository\com\google\apis\google-api-services-sheets\v4-rev493-1.23.0\google-api-services-sheets-v4-rev493-1.23.0.jar;C:\Users\janer\.m2\repository\com\google\http-client\google-http-client-gson\1.43.3\google-http-client-gson-1.43.3.jar;C:\Users\janer\.m2\repository\com\google\http-client\google-http-client\1.43.3\google-http-client-1.43.3.jar;C:\Users\janer\.m2\repository\org\apache\httpcomponents\httpclient\4.5.14\httpclient-4.5.14.jar;C:\Users\janer\.m2\repository\commons-logging\commons-logging\1.2\commons-logging-1.2.jar;C:\Users\janer\.m2\repository\commons-codec\commons-codec\1.11\commons-codec-1.11.jar;C:\Users\janer\.m2\repository\org\apache\httpcomponents\httpcore\4.4.16\httpcore-4.4.16.jar;C:\Users\janer\.m2\repository\com\google\errorprone\error_prone_annotations\2.18.0\error_prone_annotations-2.18.0.jar;C:\Users\janer\.m2\repository\com\google\j2objc\j2objc-annotations\2.8\j2objc-annotations-2.8.jar;C:\Users\janer\.m2\repository\io\opencensus\opencensus-api\0.31.1\opencensus-api-0.31.1.jar;C:\Users\janer\.m2\repository\io\grpc\grpc-context\1.27.2\grpc-context-1.27.2.jar;C:\Users\janer\.m2\repository\io\opencensus\opencensus-contrib-http-util\0.31.1\opencensus-contrib-http-util-0.31.1.jar;"/>
    <property name="sun.cpu.endian" value="little"/>
    <property name="user.home" value="C:\Users\janer"/>
    <property name="user.language" value="en"/>
    <property name="java.specification.vendor" value="Oracle Corporation"/>
    <property name="java.version.date" value="2023-04-18"/>
    <property name="java.home" value="C:\Program Files\Java\jdk-11"/>
    <property name="file.separator" value="\"/>
    <property name="basedir" value="C:\Users\janer\eclipse-workspace\my-resume-website"/>
    <property name="java.vm.compressedOopsMode" value="Zero based"/>
    <property name="line.separator" value="&#10;"/>
    <property name="java.specification.name" value="Java Platform API Specification"/>
    <property name="java.vm.specification.vendor" value="Oracle Corporation"/>
    <property name="java.awt.graphicsenv" value="sun.awt.Win32GraphicsEnvironment"/>
    <property name="user.script" value=""/>
    <property name="sun.management.compiler" value="HotSpot 64-Bit Tiered Compilers"/>
    <property name="java.runtime.version" value="11.0.19+9-LTS-224"/>
    <property name="user.name" value="janer"/>
    <property name="path.separator" value=";"/>
    <property name="os.version" value="10.0"/>
    <property name="java.runtime.name" value="Java(TM) SE Runtime Environment"/>
    <property name="file.encoding" value="Cp1252"/>
    <property name="guice.disable.misplaced.annotation.check" value="true"/>
    <property name="java.vm.name" value="Java HotSpot(TM) 64-Bit Server VM"/>
    <property name="java.vendor.version" value="18.9"/>
    <property name="localRepository" value="C:\Users\janer\.m2\repository"/>
    <property name="java.vendor.url.bug" value="https://bugreport.java.com/bugreport/"/>
    <property name="java.io.tmpdir" value="C:\Users\janer\AppData\Local\Temp\"/>
    <property name="java.version" value="11.0.19"/>
    <property name="user.dir" value="C:\Users\janer\eclipse-workspace\my-resume-website"/>
    <property name="os.arch" value="amd64"/>
    <property name="maven.multiModuleProjectDirectory" value="C:\Users\janer\.jenkins\workspace\My-Resume-Project"/>
    <property name="java.vm.specification.name" value="Java Virtual Machine Specification"/>
    <property name="java.awt.printerjob" value="sun.awt.windows.WPrinterJob"/>
    <property name="sun.os.patch.level" value=""/>
    <property name="java.library.path" value="C:\Program Files\Java\jdk-11\bin;C:\windows\Sun\Java\bin;C:\windows\system32;C:\windows;C:\Program Files\Maven\apache-maven-3.9.3/bin;C:\Program Files\Java\jdk-11/bin;C:\Program Files\Java\jdk-11/bin;C:\windows\system32;C:\windows;C:\windows\System32\Wbem;C:\windows\System32\WindowsPowerShell\v1.0\;C:\windows\System32\OpenSSH\;C:\Program Files\Git\cmd;C:\Program Files\Maven\apache-maven-3.9.3\bin;C:\Program Files\Java\jdk-11\bin;C:\Program Files\Docker\Docker\resources\bin;C:\Users\janer\AppData\Local\Microsoft\WindowsApps;C:\Users\janer\Downloads\pktriot-0.15.2.win64\pktriot-0.15.2;;C:\Users\janer\AppData\Local\Programs\Microsoft VS Code\bin;."/>
    <property name="java.vendor" value="Oracle Corporation"/>
    <property name="java.vm.info" value="mixed mode"/>
    <property name="java.vm.version" value="11.0.19+9-LTS-224"/>
    <property name="classworlds.conf" value="C:\Program Files\Maven\apache-maven-3.9.3\bin\m2.conf"/>
    <property name="sun.io.unicode.encoding" value="UnicodeLittle"/>
    <property name="library.jansi.path" value="C:\Program Files\Maven\apache-maven-3.9.3\lib\jansi-native"/>
    <property name="java.class.version" value="55.0"/>
  </properties>
  <testcase name="testDownloadResume" classname="com.example.webdriverTests.ResumeAcceptanceTests" time="3.886">
    <system-out><![CDATA[[INFO ] 2023-08-02 07:37:22,068 com.example.testUtils.BaseTestNGWebDriver:33 - Beginning test execution!
[INFO ] 2023-08-02 07:37:22,178 com.example.webdriverTests.ResumeAcceptanceTests:31 - Get the browser preference from the TestConfig.properties 
[INFO ] 2023-08-02 07:37:22,182 com.example.testUtils.BaseTestNGWebDriver:77 - Browser preference: chrome
[INFO ] 2023-08-02 07:37:30,471 com.example.webdriverTests.ResumeAcceptanceTests:37 - Navigate to the Resume webpage
[INFO ] 2023-08-02 07:37:31,211 com.example.webdriverTests.ResumeAcceptanceTests:41 - Get the System/device/browser information along with date and time of automation run
[INFO ] 2023-08-02 07:37:31,229 com.example.testUtils.BaseTestNGWebDriver:50 - OS: windows, Browser: chrome Browser version 115.0.5790.110
[INFO ] 2023-08-02 07:37:31,230 com.example.testUtils.BaseTestNGWebDriver:53 - Device Type: Desktop/Laptop
[INFO ] 2023-08-02 07:37:31,231 com.example.testUtils.BaseTestNGWebDriver:63 - Date and Time of Run: 2023-08-02 07:37:31
testDownloadResume test case started
[INFO ] 2023-08-02 07:37:31,236 com.example.webdriverTests.ResumeAcceptanceTests:56 - This test will navigate to the contact tab, verify if all contact details are present, and will click on the download resume to download Resume.docx and will verify if the file got downloaded successfully.
File found in the download directory: C:\Users\janer\Downloads\Resume (1).docx
]]></system-out>
    <system-err><![CDATA[SLF4J: No SLF4J providers were found.
SLF4J: Defaulting to no-operation (NOP) logger implementation
SLF4J: See https://www.slf4j.org/codes.html#noProviders for further details.
Aug 02, 2023 7:37:22 AM org.openqa.selenium.remote.service.DriverService$Builder getLogOutput
INFO: Driver logs no longer sent to console by default; https://www.selenium.dev/documentation/webdriver/drivers/service/#setting-log-output
Aug 02, 2023 7:37:30 AM org.openqa.selenium.devtools.CdpVersionFinder findNearestMatch
WARNING: Unable to find an exact match for CDP version 115, so returning the closest version found: 114
]]></system-err>
  </testcase>
  <testcase name="testRedirectToCompanyLink" classname="com.example.webdriverTests.ResumeAcceptanceTests" time="14.838">
    <system-out><![CDATA[The name of the testcase passed is :testDownloadResume
[INFO ] 2023-08-02 07:37:35,360 com.example.webdriverTests.ResumeAcceptanceTests:31 - Get the browser preference from the TestConfig.properties 
[INFO ] 2023-08-02 07:37:35,366 com.example.testUtils.BaseTestNGWebDriver:77 - Browser preference: chrome
[INFO ] 2023-08-02 07:37:36,668 com.example.webdriverTests.ResumeAcceptanceTests:37 - Navigate to the Resume webpage
[INFO ] 2023-08-02 07:37:37,318 com.example.webdriverTests.ResumeAcceptanceTests:41 - Get the System/device/browser information along with date and time of automation run
[INFO ] 2023-08-02 07:37:37,323 com.example.testUtils.BaseTestNGWebDriver:50 - OS: windows, Browser: chrome Browser version 115.0.5790.110
[INFO ] 2023-08-02 07:37:37,323 com.example.testUtils.BaseTestNGWebDriver:53 - Device Type: Desktop/Laptop
[INFO ] 2023-08-02 07:37:37,323 com.example.testUtils.BaseTestNGWebDriver:63 - Date and Time of Run: 2023-08-02 07:37:37
testRedirectToCompanyLink test case started
[INFO ] 2023-08-02 07:37:37,323 com.example.webdriverTests.ResumeAcceptanceTests:73 - This test will go to the company name given under work experiences section and will verify if clicking on the company names redirects to company websites.Upon successful validation, it again redirects to the main resume website page
]]></system-out>
    <system-err><![CDATA[Aug 02, 2023 7:37:35 AM org.openqa.selenium.remote.service.DriverService$Builder getLogOutput
INFO: Driver logs no longer sent to console by default; https://www.selenium.dev/documentation/webdriver/drivers/service/#setting-log-output
Aug 02, 2023 7:37:36 AM org.openqa.selenium.devtools.CdpVersionFinder findNearestMatch
WARNING: Unable to find an exact match for CDP version 115, so returning the closest version found: 114
]]></system-err>
  </testcase>
  <testcase name="testRedirectToLinkedIn" classname="com.example.webdriverTests.ResumeAcceptanceTests" time="2.746">
    <system-out><![CDATA[The name of the testcase passed is :testRedirectToCompanyLink
[INFO ] 2023-08-02 07:37:52,428 com.example.webdriverTests.ResumeAcceptanceTests:31 - Get the browser preference from the TestConfig.properties 
[INFO ] 2023-08-02 07:37:52,428 com.example.testUtils.BaseTestNGWebDriver:77 - Browser preference: chrome
[INFO ] 2023-08-02 07:37:53,782 com.example.webdriverTests.ResumeAcceptanceTests:37 - Navigate to the Resume webpage
[INFO ] 2023-08-02 07:37:54,814 com.example.webdriverTests.ResumeAcceptanceTests:41 - Get the System/device/browser information along with date and time of automation run
[INFO ] 2023-08-02 07:37:54,814 com.example.testUtils.BaseTestNGWebDriver:50 - OS: windows, Browser: chrome Browser version 115.0.5790.110
[INFO ] 2023-08-02 07:37:54,814 com.example.testUtils.BaseTestNGWebDriver:53 - Device Type: Desktop/Laptop
[INFO ] 2023-08-02 07:37:54,814 com.example.testUtils.BaseTestNGWebDriver:63 - Date and Time of Run: 2023-08-02 07:37:54
testRedirectToLinkedIn test case started
[INFO ] 2023-08-02 07:37:54,814 com.example.webdriverTests.ResumeAcceptanceTests:92 - This test will go to the contacts tab, look for the presence of linkedin url which if present will click and test that redirect to linkedIn was successful.Upon successful validation, it again redirects to the main resume website page.
]]></system-out>
    <system-err><![CDATA[Aug 02, 2023 7:37:52 AM org.openqa.selenium.remote.service.DriverService$Builder getLogOutput
INFO: Driver logs no longer sent to console by default; https://www.selenium.dev/documentation/webdriver/drivers/service/#setting-log-output
Aug 02, 2023 7:37:53 AM org.openqa.selenium.devtools.CdpVersionFinder findNearestMatch
WARNING: Unable to find an exact match for CDP version 115, so returning the closest version found: 114
]]></system-err>
  </testcase>
  <testcase name="testScrollToTheTop" classname="com.example.webdriverTests.ResumeAcceptanceTests" time="3.317">
    <system-out><![CDATA[The name of the testcase passed is :testRedirectToLinkedIn
[INFO ] 2023-08-02 07:37:57,747 com.example.webdriverTests.ResumeAcceptanceTests:31 - Get the browser preference from the TestConfig.properties 
[INFO ] 2023-08-02 07:37:57,748 com.example.testUtils.BaseTestNGWebDriver:77 - Browser preference: chrome
[INFO ] 2023-08-02 07:37:59,007 com.example.webdriverTests.ResumeAcceptanceTests:37 - Navigate to the Resume webpage
[INFO ] 2023-08-02 07:37:59,629 com.example.webdriverTests.ResumeAcceptanceTests:41 - Get the System/device/browser information along with date and time of automation run
[INFO ] 2023-08-02 07:37:59,630 com.example.testUtils.BaseTestNGWebDriver:50 - OS: windows, Browser: chrome Browser version 115.0.5790.110
[INFO ] 2023-08-02 07:37:59,630 com.example.testUtils.BaseTestNGWebDriver:53 - Device Type: Desktop/Laptop
[INFO ] 2023-08-02 07:37:59,630 com.example.testUtils.BaseTestNGWebDriver:63 - Date and Time of Run: 2023-08-02 07:37:59
testScrollToTheTop test case started
[INFO ] 2023-08-02 07:37:59,631 com.example.webdriverTests.ResumeAcceptanceTests:184 - Verify that clicking on 'Scroll to the top button' takes user to the top of the webpage
]]></system-out>
    <system-err><![CDATA[Aug 02, 2023 7:37:57 AM org.openqa.selenium.remote.service.DriverService$Builder getLogOutput
INFO: Driver logs no longer sent to console by default; https://www.selenium.dev/documentation/webdriver/drivers/service/#setting-log-output
Aug 02, 2023 7:37:59 AM org.openqa.selenium.devtools.CdpVersionFinder findNearestMatch
WARNING: Unable to find an exact match for CDP version 115, so returning the closest version found: 114
]]></system-err>
  </testcase>
  <testcase name="testSkillsTab" classname="com.example.webdriverTests.ResumeAcceptanceTests" time="0.701">
    <system-out><![CDATA[The name of the testcase passed is :testScrollToTheTop
[INFO ] 2023-08-02 07:38:03,126 com.example.webdriverTests.ResumeAcceptanceTests:31 - Get the browser preference from the TestConfig.properties 
[INFO ] 2023-08-02 07:38:03,127 com.example.testUtils.BaseTestNGWebDriver:77 - Browser preference: chrome
[INFO ] 2023-08-02 07:38:04,359 com.example.webdriverTests.ResumeAcceptanceTests:37 - Navigate to the Resume webpage
[INFO ] 2023-08-02 07:38:05,944 com.example.webdriverTests.ResumeAcceptanceTests:41 - Get the System/device/browser information along with date and time of automation run
[INFO ] 2023-08-02 07:38:05,945 com.example.testUtils.BaseTestNGWebDriver:50 - OS: windows, Browser: chrome Browser version 115.0.5790.110
[INFO ] 2023-08-02 07:38:05,945 com.example.testUtils.BaseTestNGWebDriver:53 - Device Type: Desktop/Laptop
[INFO ] 2023-08-02 07:38:05,947 com.example.testUtils.BaseTestNGWebDriver:63 - Date and Time of Run: 2023-08-02 07:38:05
testSkillsTab test case started
[INFO ] 2023-08-02 07:38:05,947 com.example.webdriverTests.ResumeAcceptanceTests:109 - This test will go to the skills tab, and verify that a target skill is present in the skill section.Target skill to be validated needs to be given in the properties file so it can be read.
]]></system-out>
    <system-err><![CDATA[Aug 02, 2023 7:38:03 AM org.openqa.selenium.remote.service.DriverService$Builder getLogOutput
INFO: Driver logs no longer sent to console by default; https://www.selenium.dev/documentation/webdriver/drivers/service/#setting-log-output
Aug 02, 2023 7:38:04 AM org.openqa.selenium.devtools.CdpVersionFinder findNearestMatch
WARNING: Unable to find an exact match for CDP version 115, so returning the closest version found: 114
]]></system-err>
  </testcase>
  <testcase name="testSubmitContactInformation" classname="com.example.webdriverTests.ResumeAcceptanceTests" time="26.794">
    <system-out><![CDATA[The name of the testcase passed is :testSkillsTab
[INFO ] 2023-08-02 07:38:06,896 com.example.webdriverTests.ResumeAcceptanceTests:31 - Get the browser preference from the TestConfig.properties 
[INFO ] 2023-08-02 07:38:06,897 com.example.testUtils.BaseTestNGWebDriver:77 - Browser preference: chrome
[INFO ] 2023-08-02 07:38:08,229 com.example.webdriverTests.ResumeAcceptanceTests:37 - Navigate to the Resume webpage
[INFO ] 2023-08-02 07:38:09,927 com.example.webdriverTests.ResumeAcceptanceTests:41 - Get the System/device/browser information along with date and time of automation run
[INFO ] 2023-08-02 07:38:09,928 com.example.testUtils.BaseTestNGWebDriver:50 - OS: windows, Browser: chrome Browser version 115.0.5790.110
[INFO ] 2023-08-02 07:38:09,929 com.example.testUtils.BaseTestNGWebDriver:53 - Device Type: Desktop/Laptop
[INFO ] 2023-08-02 07:38:09,929 com.example.testUtils.BaseTestNGWebDriver:63 - Date and Time of Run: 2023-08-02 07:38:09
testSubmitContactInformation test case started
[INFO ] 2023-08-02 07:38:10,115 com.example.webdriverTests.ResumeAcceptanceTests:162 - To submit contact name, email, message with invalid data(example. invalid email) and verifying that error checks are in place to prohibit submission of invalid entries.
Validation Passed: Error message is displayed on the page prompting user to input valid email address.
Error Message: Please include an '@' in the email address. 'jerrie1956com' is missing an '@'.
[INFO ] 2023-08-02 07:38:16,862 com.example.webdriverTests.ResumeAcceptanceTests:165 - Test scenario of submitting contactinfo which have required values. Verify error checks are in place to prohibit submission of form without contact name or contact email address.
Validation Passed: Error message is displayed on the page prompting user to input required fields.
Error Message: Please fill out this field.
[INFO ] 2023-08-02 07:38:22,519 com.example.webdriverTests.ResumeAcceptanceTests:168 - Test scenario of being able to submit contact form without a message field as message is not a required field.
[INFO ] 2023-08-02 07:38:29,799 com.example.webdriverTests.ResumeAcceptanceTests:171 - Test scenario of being able to submit contact form with long name, email and message body.
]]></system-out>
    <system-err><![CDATA[Aug 02, 2023 7:38:06 AM org.openqa.selenium.remote.service.DriverService$Builder getLogOutput
INFO: Driver logs no longer sent to console by default; https://www.selenium.dev/documentation/webdriver/drivers/service/#setting-log-output
Aug 02, 2023 7:38:08 AM org.openqa.selenium.devtools.CdpVersionFinder findNearestMatch
WARNING: Unable to find an exact match for CDP version 115, so returning the closest version found: 114
]]></system-err>
  </testcase>
  <testcase name="testSubmitMesasge" classname="com.example.webdriverTests.ResumeAcceptanceTests" time="5.002">
    <system-out><![CDATA[The name of the testcase passed is :testSubmitContactInformation
[INFO ] 2023-08-02 07:38:37,044 com.example.webdriverTests.ResumeAcceptanceTests:31 - Get the browser preference from the TestConfig.properties 
[INFO ] 2023-08-02 07:38:37,044 com.example.testUtils.BaseTestNGWebDriver:77 - Browser preference: chrome
[INFO ] 2023-08-02 07:38:38,198 com.example.webdriverTests.ResumeAcceptanceTests:37 - Navigate to the Resume webpage
[INFO ] 2023-08-02 07:38:38,762 com.example.webdriverTests.ResumeAcceptanceTests:41 - Get the System/device/browser information along with date and time of automation run
[INFO ] 2023-08-02 07:38:38,762 com.example.testUtils.BaseTestNGWebDriver:50 - OS: windows, Browser: chrome Browser version 115.0.5790.110
[INFO ] 2023-08-02 07:38:38,762 com.example.testUtils.BaseTestNGWebDriver:53 - Device Type: Desktop/Laptop
[INFO ] 2023-08-02 07:38:38,762 com.example.testUtils.BaseTestNGWebDriver:63 - Date and Time of Run: 2023-08-02 07:38:38
testSubmitMesasge test case started
[INFO ] 2023-08-02 07:38:38,762 com.example.webdriverTests.ResumeAcceptanceTests:127 - Verify if contact details and message from the user was submitted successully.The submitted contact information, is stored in a google sheet and this test will parse the information stored in the google sheet and validate if the name, email and message submitted equals the content in the google sheets
Failed to read credentials file. InputStream is null.
Verification Passed: Last row contains the expected user details.
]]></system-out>
    <system-err><![CDATA[Aug 02, 2023 7:38:37 AM org.openqa.selenium.remote.service.DriverService$Builder getLogOutput
INFO: Driver logs no longer sent to console by default; https://www.selenium.dev/documentation/webdriver/drivers/service/#setting-log-output
Aug 02, 2023 7:38:38 AM org.openqa.selenium.devtools.CdpVersionFinder findNearestMatch
WARNING: Unable to find an exact match for CDP version 115, so returning the closest version found: 114
]]></system-err>
  </testcase>
</testsuite>