<?xml version="1.0" encoding="UTF-8"?>
<!-- Generated by org.testng.reporters.JUnitReportReporter -->
<testsuite hostname="Jane_R" failures="0" tests="1" name="com.example.webdriverTests.ResumeAcceptanceTests" time="22.320" errors="0" timestamp="2023-08-01T14:28:12 EDT" skipped="0">
  <testcase classname="com.example.webdriverTests.ResumeAcceptanceTests" name="testRedirectToCompanyLink" time="22.320"/>
  <system-out/>
</testsuite> <!-- com.example.webdriverTests.ResumeAcceptanceTests -->
