<?xml version="1.0" encoding="UTF-8"?>
<!-- Generated by org.testng.reporters.JUnitReportReporter -->
<testsuite hostname="Jane_R" failures="0" tests="1" name="com.example.testUtils.BaseTestNGWebDriver" time="8.287" errors="0" timestamp="2023-07-28T22:05:55 EDT" skipped="0">
  <testcase classname="com.example.testUtils.BaseTestNGWebDriver" name="setupChromeDriver" time="8.287"/>
  <system-out/>
</testsuite> <!-- com.example.testUtils.BaseTestNGWebDriver -->
