<?xml version="1.0" encoding="UTF-8"?>
<!-- Generated by org.testng.reporters.JUnitReportReporter -->
<testsuite hostname="Jane_R" failures="0" tests="7" name="com.example.webdriverTests.ResumeAcceptanceTests" time="81.716" errors="0" timestamp="2023-08-02T07:38:44 EDT" skipped="0">
  <testcase classname="com.example.webdriverTests.ResumeAcceptanceTests" name="testSubmitMesasge" time="7.997"/>
  <system-out/>
  <testcase classname="com.example.webdriverTests.ResumeAcceptanceTests" name="testRedirectToCompanyLink" time="16.738"/>
  <system-out/>
  <testcase classname="com.example.webdriverTests.ResumeAcceptanceTests" name="testRedirectToLinkedIn" time="4.861"/>
  <system-out/>
  <testcase classname="com.example.webdriverTests.ResumeAcceptanceTests" name="testSkillsTab" time="3.897"/>
  <system-out/>
  <testcase classname="com.example.webdriverTests.ResumeAcceptanceTests" name="testScrollToTheTop" time="5.538"/>
  <system-out/>
  <testcase classname="com.example.webdriverTests.ResumeAcceptanceTests" name="testSubmitContactInformation" time="29.500"/>
  <system-out/>
  <testcase classname="com.example.webdriverTests.ResumeAcceptanceTests" name="testDownloadResume" time="13.185"/>
  <system-out/>
</testsuite> <!-- com.example.webdriverTests.ResumeAcceptanceTests -->
