<?xml version="1.0" encoding="UTF-8"?>
<!-- Generated by org.testng.reporters.JUnitReportReporter -->
<testsuite hostname="Jane_R" failures="0" tests="7" name="com.example.webdriverTests.ResumeAcceptanceTests" time="87.428" errors="0" timestamp="2023-08-02T11:46:37 EDT" skipped="0">
  <testcase classname="com.example.webdriverTests.ResumeAcceptanceTests" name="testSubmitMesasge" time="6.064"/>
  <system-out/>
  <testcase classname="com.example.webdriverTests.ResumeAcceptanceTests" name="testSkillsTab" time="2.017"/>
  <system-out/>
  <testcase classname="com.example.webdriverTests.ResumeAcceptanceTests" name="testSubmitContactInformation" time="26.672"/>
  <system-out/>
  <testcase classname="com.example.webdriverTests.ResumeAcceptanceTests" name="testRedirectToCompanyLink" time="37.200"/>
  <system-out/>
  <testcase classname="com.example.webdriverTests.ResumeAcceptanceTests" name="testDownloadResume" time="5.300"/>
  <system-out/>
  <testcase classname="com.example.webdriverTests.ResumeAcceptanceTests" name="testRedirectToLinkedIn" time="5.212"/>
  <system-out/>
  <testcase classname="com.example.webdriverTests.ResumeAcceptanceTests" name="testScrollToTheTop" time="4.963"/>
  <system-out/>
</testsuite> <!-- com.example.webdriverTests.ResumeAcceptanceTests -->
